DEBUG:root:Executing query 'FROM @all_docs WHERE id = $p0' on index 'dynamic'
DEBUG:urllib3.connectionpool:Starting new HTTPS connection (1): a.rdbguiando.ravendb.community:443
DEBUG:urllib3.connectionpool:https://a.rdbguiando.ravendb.community:443 "GET /topology?name=automacao-faturas HTTP/1.1" 200 None
DEBUG:urllib3.connectionpool:Starting new HTTPS connection (1): a.rdbguiando.ravendb.community:443
DEBUG:urllib3.connectionpool:https://a.rdbguiando.ravendb.community:443 "POST /databases/automacao-faturas/queries?query-hash=-4584191812799201967 HTTP/1.1" 200 None
DEBUG:root:Executing query 'FROM @all_docs WHERE id = $p0' on index 'dynamic'
DEBUG:urllib3.connectionpool:Starting new HTTPS connection (1): a.rdbguiando.ravendb.community:443
DEBUG:urllib3.connectionpool:https://a.rdbguiando.ravendb.community:443 "POST /databases/automacao-faturas/queries?query-hash=-4584191812799201967 HTTP/1.1" 200 None
DEBUG:root:Executing query 'FROM @all_docs WHERE id = $p0' on index 'dynamic'
DEBUG:urllib3.connectionpool:Starting new HTTPS connection (1): a.rdbguiando.ravendb.community:443
DEBUG:urllib3.connectionpool:https://a.rdbguiando.ravendb.community:443 "GET /topology?name=automacao-faturas HTTP/1.1" 200 None
DEBUG:urllib3.connectionpool:Starting new HTTPS connection (1): a.rdbguiando.ravendb.community:443
DEBUG:urllib3.connectionpool:https://a.rdbguiando.ravendb.community:443 "POST /databases/automacao-faturas/queries?query-hash=-4584191812799201967 HTTP/1.1" 200 None
DEBUG:root:Executing query 'FROM @all_docs WHERE id = $p0' on index 'dynamic'
DEBUG:urllib3.connectionpool:Starting new HTTPS connection (1): a.rdbguiando.ravendb.community:443
DEBUG:urllib3.connectionpool:https://a.rdbguiando.ravendb.community:443 "POST /databases/automacao-faturas/queries?query-hash=-4584191812799201967 HTTP/1.1" 200 None
DEBUG:root:Executing query 'FROM @all_docs WHERE id = $p0' on index 'dynamic'
DEBUG:urllib3.connectionpool:Starting new HTTPS connection (1): a.rdbguiando.ravendb.community:443
DEBUG:urllib3.connectionpool:https://a.rdbguiando.ravendb.community:443 "GET /topology?name=automacao-faturas HTTP/1.1" 200 None
DEBUG:urllib3.connectionpool:Starting new HTTPS connection (1): a.rdbguiando.ravendb.community:443
DEBUG:urllib3.connectionpool:https://a.rdbguiando.ravendb.community:443 "POST /databases/automacao-faturas/queries?query-hash=-4584191812799201967 HTTP/1.1" 200 None
DEBUG:root:Executing query 'FROM @all_docs WHERE id = $p0' on index 'dynamic'
DEBUG:urllib3.connectionpool:Starting new HTTPS connection (1): a.rdbguiando.ravendb.community:443
DEBUG:urllib3.connectionpool:https://a.rdbguiando.ravendb.community:443 "POST /databases/automacao-faturas/queries?query-hash=8773006586444215503 HTTP/1.1" 200 None
DEBUG:root:Executing query 'FROM @all_docs WHERE id = $p0' on index 'dynamic'
DEBUG:urllib3.connectionpool:Starting new HTTPS connection (1): a.rdbguiando.ravendb.community:443
DEBUG:urllib3.connectionpool:https://a.rdbguiando.ravendb.community:443 "GET /topology?name=automacao-faturas HTTP/1.1" 200 None
DEBUG:urllib3.connectionpool:Starting new HTTPS connection (1): a.rdbguiando.ravendb.community:443
DEBUG:urllib3.connectionpool:https://a.rdbguiando.ravendb.community:443 "POST /databases/automacao-faturas/queries?query-hash=-4584191812799201967 HTTP/1.1" 200 None
DEBUG:root:Executing query 'FROM @all_docs WHERE id = $p0' on index 'dynamic'
DEBUG:urllib3.connectionpool:Starting new HTTPS connection (1): a.rdbguiando.ravendb.community:443
DEBUG:urllib3.connectionpool:https://a.rdbguiando.ravendb.community:443 "POST /databases/automacao-faturas/queries?query-hash=-864362834108109363 HTTP/1.1" 200 None
DEBUG:root:Executing query 'FROM @all_docs WHERE id = $p0' on index 'dynamic'
DEBUG:urllib3.connectionpool:Starting new HTTPS connection (1): a.rdbguiando.ravendb.community:443
DEBUG:urllib3.connectionpool:https://a.rdbguiando.ravendb.community:443 "GET /topology?name=automacao-faturas HTTP/1.1" 200 None
DEBUG:urllib3.connectionpool:Starting new HTTPS connection (1): a.rdbguiando.ravendb.community:443
DEBUG:urllib3.connectionpool:https://a.rdbguiando.ravendb.community:443 "POST /databases/automacao-faturas/queries?query-hash=-4584191812799201967 HTTP/1.1" 200 None
DEBUG:root:Executing query 'FROM @all_docs WHERE id = $p0' on index 'dynamic'
DEBUG:urllib3.connectionpool:Starting new HTTPS connection (1): a.rdbguiando.ravendb.community:443
DEBUG:urllib3.connectionpool:https://a.rdbguiando.ravendb.community:443 "POST /databases/automacao-faturas/queries?query-hash=7550124764872430434 HTTP/1.1" 200 None
DEBUG:urllib3.connectionpool:Starting new HTTPS connection (1): a.rdbguiando.ravendb.community:443
DEBUG:root:Executing query 'FROM @all_docs WHERE id = $p0' on index 'dynamic'
DEBUG:urllib3.connectionpool:https://a.rdbguiando.ravendb.community:443 "GET /topology?name=automacao-faturas HTTP/1.1" 200 None
DEBUG:urllib3.connectionpool:Starting new HTTPS connection (1): a.rdbguiando.ravendb.community:443
DEBUG:urllib3.connectionpool:https://a.rdbguiando.ravendb.community:443 "POST /databases/automacao-faturas/queries?query-hash=-4584191812799201967 HTTP/1.1" 200 None
DEBUG:root:Executing query 'FROM @all_docs WHERE id = $p0' on index 'dynamic'
DEBUG:urllib3.connectionpool:Starting new HTTPS connection (1): a.rdbguiando.ravendb.community:443
DEBUG:urllib3.connectionpool:https://a.rdbguiando.ravendb.community:443 "POST /databases/automacao-faturas/queries?query-hash=7550124764872430434 HTTP/1.1" 200 None
DEBUG:root:Executing query 'FROM @all_docs WHERE id = $p0' on index 'dynamic'
DEBUG:urllib3.connectionpool:Starting new HTTPS connection (1): a.rdbguiando.ravendb.community:443
DEBUG:urllib3.connectionpool:https://a.rdbguiando.ravendb.community:443 "GET /topology?name=automacao-faturas HTTP/1.1" 200 None
DEBUG:urllib3.connectionpool:Starting new HTTPS connection (1): a.rdbguiando.ravendb.community:443
DEBUG:urllib3.connectionpool:https://a.rdbguiando.ravendb.community:443 "POST /databases/automacao-faturas/queries?query-hash=-4584191812799201967 HTTP/1.1" 200 None
DEBUG:root:Executing query 'FROM @all_docs WHERE id = $p0' on index 'dynamic'
DEBUG:urllib3.connectionpool:Starting new HTTPS connection (1): a.rdbguiando.ravendb.community:443
DEBUG:urllib3.connectionpool:https://a.rdbguiando.ravendb.community:443 "GET /topology?name=automacao-faturas HTTP/1.1" 200 None
DEBUG:urllib3.connectionpool:Starting new HTTPS connection (1): a.rdbguiando.ravendb.community:443
DEBUG:urllib3.connectionpool:https://a.rdbguiando.ravendb.community:443 "POST /databases/automacao-faturas/queries?query-hash=-4584191812799201967 HTTP/1.1" 200 None
DEBUG:root:Executing query 'FROM @all_docs WHERE id = $p0' on index 'dynamic'
DEBUG:urllib3.connectionpool:Starting new HTTPS connection (1): a.rdbguiando.ravendb.community:443
DEBUG:urllib3.connectionpool:https://a.rdbguiando.ravendb.community:443 "GET /topology?name=automacao-faturas HTTP/1.1" 200 None
DEBUG:urllib3.connectionpool:Starting new HTTPS connection (1): a.rdbguiando.ravendb.community:443
DEBUG:urllib3.connectionpool:https://a.rdbguiando.ravendb.community:443 "POST /databases/automacao-faturas/queries?query-hash=-4584191812799201967 HTTP/1.1" 200 None
DEBUG:root:Executing query 'FROM @all_docs WHERE id = $p0' on index 'dynamic'
DEBUG:urllib3.connectionpool:Starting new HTTPS connection (1): a.rdbguiando.ravendb.community:443
DEBUG:urllib3.connectionpool:https://a.rdbguiando.ravendb.community:443 "POST /databases/automacao-faturas/queries?query-hash=7550124764872430434 HTTP/1.1" 200 None
DEBUG:root:Executing query 'FROM @all_docs WHERE id = $p0' on index 'dynamic'
DEBUG:urllib3.connectionpool:Starting new HTTPS connection (1): a.rdbguiando.ravendb.community:443
DEBUG:urllib3.connectionpool:https://a.rdbguiando.ravendb.community:443 "GET /topology?name=automacao-faturas HTTP/1.1" 200 None
DEBUG:urllib3.connectionpool:Starting new HTTPS connection (1): a.rdbguiando.ravendb.community:443
DEBUG:urllib3.connectionpool:https://a.rdbguiando.ravendb.community:443 "POST /databases/automacao-faturas/queries?query-hash=-4584191812799201967 HTTP/1.1" 200 None
DEBUG:root:Executing query 'FROM @all_docs WHERE id = $p0' on index 'dynamic'
DEBUG:urllib3.connectionpool:Starting new HTTPS connection (1): a.rdbguiando.ravendb.community:443
DEBUG:urllib3.connectionpool:https://a.rdbguiando.ravendb.community:443 "POST /databases/automacao-faturas/queries?query-hash=7550124764872430434 HTTP/1.1" 200 None
DEBUG:root:Executing query 'FROM @all_docs WHERE id = $p0' on index 'dynamic'
DEBUG:urllib3.connectionpool:Starting new HTTPS connection (1): a.rdbguiando.ravendb.community:443
DEBUG:urllib3.connectionpool:https://a.rdbguiando.ravendb.community:443 "GET /topology?name=automacao-faturas HTTP/1.1" 200 None
DEBUG:urllib3.connectionpool:Starting new HTTPS connection (1): a.rdbguiando.ravendb.community:443
DEBUG:urllib3.connectionpool:https://a.rdbguiando.ravendb.community:443 "POST /databases/automacao-faturas/queries?query-hash=-4584191812799201967 HTTP/1.1" 200 None
DEBUG:root:Executing query 'FROM @all_docs WHERE id = $p0' on index 'dynamic'
DEBUG:urllib3.connectionpool:Starting new HTTPS connection (1): a.rdbguiando.ravendb.community:443
DEBUG:urllib3.connectionpool:https://a.rdbguiando.ravendb.community:443 "POST /databases/automacao-faturas/queries?query-hash=7550124764872430434 HTTP/1.1" 200 None
DEBUG:root:Executing query 'FROM @all_docs WHERE id = $p0' on index 'dynamic'
DEBUG:urllib3.connectionpool:Starting new HTTPS connection (1): a.rdbguiando.ravendb.community:443
DEBUG:urllib3.connectionpool:https://a.rdbguiando.ravendb.community:443 "GET /topology?name=automacao-faturas HTTP/1.1" 200 None
DEBUG:urllib3.connectionpool:Starting new HTTPS connection (1): a.rdbguiando.ravendb.community:443
DEBUG:urllib3.connectionpool:https://a.rdbguiando.ravendb.community:443 "POST /databases/automacao-faturas/queries?query-hash=-4584191812799201967 HTTP/1.1" 200 None
DEBUG:root:Executing query 'FROM @all_docs WHERE id = $p0' on index 'dynamic'
DEBUG:urllib3.connectionpool:Starting new HTTPS connection (1): a.rdbguiando.ravendb.community:443
DEBUG:urllib3.connectionpool:https://a.rdbguiando.ravendb.community:443 "POST /databases/automacao-faturas/queries?query-hash=7550124764872430434 HTTP/1.1" 200 None
DEBUG:root:Executing query 'FROM @all_docs WHERE id = $p0' on index 'dynamic'
DEBUG:urllib3.connectionpool:Starting new HTTPS connection (1): a.rdbguiando.ravendb.community:443
DEBUG:urllib3.connectionpool:https://a.rdbguiando.ravendb.community:443 "GET /topology?name=automacao-faturas HTTP/1.1" 200 None
DEBUG:urllib3.connectionpool:Starting new HTTPS connection (1): a.rdbguiando.ravendb.community:443
DEBUG:urllib3.connectionpool:https://a.rdbguiando.ravendb.community:443 "POST /databases/automacao-faturas/queries?query-hash=-4584191812799201967 HTTP/1.1" 200 None
DEBUG:root:Executing query 'FROM @all_docs WHERE id = $p0' on index 'dynamic'
DEBUG:urllib3.connectionpool:Starting new HTTPS connection (1): a.rdbguiando.ravendb.community:443
DEBUG:urllib3.connectionpool:https://a.rdbguiando.ravendb.community:443 "POST /databases/automacao-faturas/queries?query-hash=7550124764872430434 HTTP/1.1" 200 None
DEBUG:root:Executing query 'FROM @all_docs WHERE id = $p0' on index 'dynamic'
DEBUG:urllib3.connectionpool:Starting new HTTPS connection (1): a.rdbguiando.ravendb.community:443
DEBUG:urllib3.connectionpool:https://a.rdbguiando.ravendb.community:443 "GET /topology?name=automacao-faturas HTTP/1.1" 200 None
DEBUG:urllib3.connectionpool:Starting new HTTPS connection (1): a.rdbguiando.ravendb.community:443
DEBUG:urllib3.connectionpool:https://a.rdbguiando.ravendb.community:443 "POST /databases/automacao-faturas/queries?query-hash=-4584191812799201967 HTTP/1.1" 200 None
DEBUG:root:Executing query 'FROM @all_docs WHERE id = $p0' on index 'dynamic'
DEBUG:urllib3.connectionpool:Starting new HTTPS connection (1): a.rdbguiando.ravendb.community:443
DEBUG:urllib3.connectionpool:https://a.rdbguiando.ravendb.community:443 "POST /databases/automacao-faturas/queries?query-hash=7550124764872430434 HTTP/1.1" 200 None
DEBUG:root:Executing query 'FROM @all_docs WHERE id = $p0' on index 'dynamic'
DEBUG:urllib3.connectionpool:Starting new HTTPS connection (1): a.rdbguiando.ravendb.community:443
DEBUG:urllib3.connectionpool:https://a.rdbguiando.ravendb.community:443 "GET /topology?name=automacao-faturas HTTP/1.1" 200 None
DEBUG:urllib3.connectionpool:Starting new HTTPS connection (1): a.rdbguiando.ravendb.community:443
DEBUG:urllib3.connectionpool:https://a.rdbguiando.ravendb.community:443 "POST /databases/automacao-faturas/queries?query-hash=-4584191812799201967 HTTP/1.1" 200 None
DEBUG:root:Executing query 'FROM @all_docs WHERE id = $p0' on index 'dynamic'
DEBUG:urllib3.connectionpool:Starting new HTTPS connection (1): a.rdbguiando.ravendb.community:443
DEBUG:urllib3.connectionpool:https://a.rdbguiando.ravendb.community:443 "POST /databases/automacao-faturas/queries?query-hash=7550124764872430434 HTTP/1.1" 200 None
DEBUG:root:Executing query 'FROM @all_docs WHERE id = $p0' on index 'dynamic'
DEBUG:urllib3.connectionpool:Starting new HTTPS connection (1): a.rdbguiando.ravendb.community:443
DEBUG:urllib3.connectionpool:https://a.rdbguiando.ravendb.community:443 "GET /topology?name=automacao-faturas HTTP/1.1" 200 None
DEBUG:urllib3.connectionpool:Starting new HTTPS connection (1): a.rdbguiando.ravendb.community:443
DEBUG:urllib3.connectionpool:https://a.rdbguiando.ravendb.community:443 "POST /databases/automacao-faturas/queries?query-hash=-4584191812799201967 HTTP/1.1" 200 None
DEBUG:root:Executing query 'FROM @all_docs WHERE id = $p0' on index 'dynamic'
DEBUG:urllib3.connectionpool:Starting new HTTPS connection (1): a.rdbguiando.ravendb.community:443
DEBUG:urllib3.connectionpool:https://a.rdbguiando.ravendb.community:443 "POST /databases/automacao-faturas/queries?query-hash=7550124764872430434 HTTP/1.1" 200 None
DEBUG:root:Executing query 'FROM @all_docs WHERE id = $p0' on index 'dynamic'
DEBUG:urllib3.connectionpool:Starting new HTTPS connection (1): a.rdbguiando.ravendb.community:443
DEBUG:urllib3.connectionpool:https://a.rdbguiando.ravendb.community:443 "GET /topology?name=automacao-faturas HTTP/1.1" 200 None
DEBUG:urllib3.connectionpool:Starting new HTTPS connection (1): a.rdbguiando.ravendb.community:443
DEBUG:urllib3.connectionpool:https://a.rdbguiando.ravendb.community:443 "POST /databases/automacao-faturas/queries?query-hash=-4584191812799201967 HTTP/1.1" 200 None
DEBUG:root:Executing query 'FROM @all_docs WHERE id = $p0' on index 'dynamic'
DEBUG:urllib3.connectionpool:Starting new HTTPS connection (1): a.rdbguiando.ravendb.community:443
DEBUG:urllib3.connectionpool:https://a.rdbguiando.ravendb.community:443 "POST /databases/automacao-faturas/queries?query-hash=7550124764872430434 HTTP/1.1" 200 None
DEBUG:root:Executing query 'FROM @all_docs WHERE id = $p0' on index 'dynamic'
DEBUG:urllib3.connectionpool:Starting new HTTPS connection (1): a.rdbguiando.ravendb.community:443
DEBUG:urllib3.connectionpool:https://a.rdbguiando.ravendb.community:443 "GET /topology?name=automacao-faturas HTTP/1.1" 200 None
DEBUG:urllib3.connectionpool:Starting new HTTPS connection (1): a.rdbguiando.ravendb.community:443
DEBUG:urllib3.connectionpool:https://a.rdbguiando.ravendb.community:443 "POST /databases/automacao-faturas/queries?query-hash=-4584191812799201967 HTTP/1.1" 200 None
DEBUG:root:Executing query 'FROM @all_docs WHERE id = $p0' on index 'dynamic'
DEBUG:urllib3.connectionpool:Starting new HTTPS connection (1): a.rdbguiando.ravendb.community:443
DEBUG:urllib3.connectionpool:https://a.rdbguiando.ravendb.community:443 "GET /topology?name=automacao-faturas HTTP/1.1" 200 None
DEBUG:urllib3.connectionpool:Starting new HTTPS connection (1): a.rdbguiando.ravendb.community:443
DEBUG:urllib3.connectionpool:https://a.rdbguiando.ravendb.community:443 "POST /databases/automacao-faturas/queries?query-hash=-4584191812799201967 HTTP/1.1" 200 None
DEBUG:root:Executing query 'FROM @all_docs WHERE id = $p0' on index 'dynamic'
DEBUG:urllib3.connectionpool:Starting new HTTPS connection (1): a.rdbguiando.ravendb.community:443
DEBUG:urllib3.connectionpool:https://a.rdbguiando.ravendb.community:443 "GET /topology?name=automacao-faturas HTTP/1.1" 200 None
DEBUG:urllib3.connectionpool:Starting new HTTPS connection (1): a.rdbguiando.ravendb.community:443
DEBUG:urllib3.connectionpool:https://a.rdbguiando.ravendb.community:443 "POST /databases/automacao-faturas/queries?query-hash=-4584191812799201967 HTTP/1.1" 200 None
DEBUG:root:Executing query 'FROM @all_docs WHERE id = $p0' on index 'dynamic'
DEBUG:urllib3.connectionpool:Starting new HTTPS connection (1): a.rdbguiando.ravendb.community:443
DEBUG:urllib3.connectionpool:https://a.rdbguiando.ravendb.community:443 "GET /topology?name=automacao-faturas HTTP/1.1" 200 None
DEBUG:urllib3.connectionpool:Starting new HTTPS connection (1): a.rdbguiando.ravendb.community:443
DEBUG:urllib3.connectionpool:https://a.rdbguiando.ravendb.community:443 "POST /databases/automacao-faturas/queries?query-hash=-4584191812799201967 HTTP/1.1" 200 None
DEBUG:root:Executing query 'FROM @all_docs WHERE id = $p0' on index 'dynamic'
DEBUG:urllib3.connectionpool:Starting new HTTPS connection (1): a.rdbguiando.ravendb.community:443
DEBUG:urllib3.connectionpool:https://a.rdbguiando.ravendb.community:443 "GET /topology?name=automacao-faturas HTTP/1.1" 200 None
DEBUG:urllib3.connectionpool:Starting new HTTPS connection (1): a.rdbguiando.ravendb.community:443
DEBUG:urllib3.connectionpool:https://a.rdbguiando.ravendb.community:443 "POST /databases/automacao-faturas/queries?query-hash=-4584191812799201967 HTTP/1.1" 200 None
DEBUG:root:Executing query 'FROM @all_docs WHERE id = $p0' on index 'dynamic'
DEBUG:urllib3.connectionpool:Starting new HTTPS connection (1): a.rdbguiando.ravendb.community:443
DEBUG:urllib3.connectionpool:https://a.rdbguiando.ravendb.community:443 "GET /topology?name=automacao-faturas HTTP/1.1" 200 None
DEBUG:urllib3.connectionpool:Starting new HTTPS connection (1): a.rdbguiando.ravendb.community:443
DEBUG:urllib3.connectionpool:https://a.rdbguiando.ravendb.community:443 "POST /databases/automacao-faturas/queries?query-hash=-4584191812799201967 HTTP/1.1" 200 None
DEBUG:root:Executing query 'FROM @all_docs WHERE id = $p0' on index 'dynamic'
DEBUG:urllib3.connectionpool:Starting new HTTPS connection (1): a.rdbguiando.ravendb.community:443
DEBUG:urllib3.connectionpool:https://a.rdbguiando.ravendb.community:443 "GET /topology?name=automacao-faturas HTTP/1.1" 200 None
DEBUG:urllib3.connectionpool:Starting new HTTPS connection (1): a.rdbguiando.ravendb.community:443
DEBUG:urllib3.connectionpool:https://a.rdbguiando.ravendb.community:443 "POST /databases/automacao-faturas/queries?query-hash=-4584191812799201967 HTTP/1.1" 200 None
DEBUG:root:Executing query 'FROM @all_docs WHERE id = $p0' on index 'dynamic'
DEBUG:urllib3.connectionpool:Starting new HTTPS connection (1): a.rdbguiando.ravendb.community:443
DEBUG:urllib3.connectionpool:https://a.rdbguiando.ravendb.community:443 "GET /topology?name=automacao-faturas HTTP/1.1" 200 None
DEBUG:urllib3.connectionpool:Starting new HTTPS connection (1): a.rdbguiando.ravendb.community:443
DEBUG:urllib3.connectionpool:https://a.rdbguiando.ravendb.community:443 "POST /databases/automacao-faturas/queries?query-hash=-4584191812799201967 HTTP/1.1" 200 None
DEBUG:root:Executing query 'FROM @all_docs WHERE id = $p0' on index 'dynamic'
DEBUG:urllib3.connectionpool:Starting new HTTPS connection (1): a.rdbguiando.ravendb.community:443
DEBUG:urllib3.connectionpool:https://a.rdbguiando.ravendb.community:443 "GET /topology?name=automacao-faturas HTTP/1.1" 200 None
DEBUG:urllib3.connectionpool:Starting new HTTPS connection (1): a.rdbguiando.ravendb.community:443
DEBUG:urllib3.connectionpool:https://a.rdbguiando.ravendb.community:443 "POST /databases/automacao-faturas/queries?query-hash=-4584191812799201967 HTTP/1.1" 200 None
DEBUG:root:Executing query 'FROM @all_docs WHERE id = $p0' on index 'dynamic'
DEBUG:urllib3.connectionpool:Starting new HTTPS connection (1): a.rdbguiando.ravendb.community:443
DEBUG:urllib3.connectionpool:https://a.rdbguiando.ravendb.community:443 "GET /topology?name=automacao-faturas HTTP/1.1" 200 None
DEBUG:urllib3.connectionpool:Starting new HTTPS connection (1): a.rdbguiando.ravendb.community:443
DEBUG:urllib3.connectionpool:https://a.rdbguiando.ravendb.community:443 "POST /databases/automacao-faturas/queries?query-hash=-6948376654545512793 HTTP/1.1" 200 None
DEBUG:root:Executing query 'FROM @all_docs WHERE id = $p0' on index 'dynamic'
DEBUG:urllib3.connectionpool:Starting new HTTPS connection (1): a.rdbguiando.ravendb.community:443
DEBUG:urllib3.connectionpool:https://a.rdbguiando.ravendb.community:443 "GET /topology?name=automacao-faturas HTTP/1.1" 200 None
DEBUG:urllib3.connectionpool:Starting new HTTPS connection (1): a.rdbguiando.ravendb.community:443
DEBUG:urllib3.connectionpool:https://a.rdbguiando.ravendb.community:443 "POST /databases/automacao-faturas/queries?query-hash=-4013598654256313595 HTTP/1.1" 200 None
DEBUG:root:Executing query 'FROM @all_docs WHERE id = $p0' on index 'dynamic'
DEBUG:urllib3.connectionpool:Starting new HTTPS connection (1): a.rdbguiando.ravendb.community:443
DEBUG:urllib3.connectionpool:https://a.rdbguiando.ravendb.community:443 "GET /topology?name=automacao-faturas HTTP/1.1" 200 None
DEBUG:urllib3.connectionpool:Starting new HTTPS connection (1): a.rdbguiando.ravendb.community:443
DEBUG:urllib3.connectionpool:https://a.rdbguiando.ravendb.community:443 "POST /databases/automacao-faturas/queries?query-hash=-4013598654256313595 HTTP/1.1" 200 None
DEBUG:root:Executing query 'FROM @all_docs WHERE id = $p0' on index 'dynamic'
DEBUG:urllib3.connectionpool:Starting new HTTPS connection (1): a.rdbguiando.ravendb.community:443
DEBUG:urllib3.connectionpool:https://a.rdbguiando.ravendb.community:443 "GET /topology?name=automacao-faturas HTTP/1.1" 200 None
DEBUG:urllib3.connectionpool:Starting new HTTPS connection (1): a.rdbguiando.ravendb.community:443
DEBUG:urllib3.connectionpool:https://a.rdbguiando.ravendb.community:443 "POST /databases/automacao-faturas/queries?query-hash=-4013598654256313595 HTTP/1.1" 200 None
DEBUG:root:Executing query 'FROM @all_docs WHERE id = $p0' on index 'dynamic'
DEBUG:urllib3.connectionpool:Starting new HTTPS connection (1): a.rdbguiando.ravendb.community:443
DEBUG:urllib3.connectionpool:https://a.rdbguiando.ravendb.community:443 "GET /topology?name=automacao-faturas HTTP/1.1" 200 None
DEBUG:urllib3.connectionpool:Starting new HTTPS connection (1): a.rdbguiando.ravendb.community:443
DEBUG:urllib3.connectionpool:https://a.rdbguiando.ravendb.community:443 "POST /databases/automacao-faturas/queries?query-hash=-4013598654256313595 HTTP/1.1" 200 None
DEBUG:root:Executing query 'FROM @all_docs WHERE id = $p0' on index 'dynamic'
DEBUG:urllib3.connectionpool:Starting new HTTPS connection (1): a.rdbguiando.ravendb.community:443
DEBUG:urllib3.connectionpool:https://a.rdbguiando.ravendb.community:443 "GET /topology?name=automacao-faturas HTTP/1.1" 200 None
DEBUG:urllib3.connectionpool:Starting new HTTPS connection (1): a.rdbguiando.ravendb.community:443
DEBUG:urllib3.connectionpool:https://a.rdbguiando.ravendb.community:443 "POST /databases/automacao-faturas/queries?query-hash=-4013598654256313595 HTTP/1.1" 200 None
DEBUG:root:Executing query 'FROM @all_docs WHERE id = $p0' on index 'dynamic'
DEBUG:urllib3.connectionpool:Starting new HTTPS connection (1): a.rdbguiando.ravendb.community:443
DEBUG:urllib3.connectionpool:https://a.rdbguiando.ravendb.community:443 "GET /topology?name=automacao-faturas HTTP/1.1" 200 None
DEBUG:urllib3.connectionpool:Starting new HTTPS connection (1): a.rdbguiando.ravendb.community:443
DEBUG:urllib3.connectionpool:https://a.rdbguiando.ravendb.community:443 "POST /databases/automacao-faturas/queries?query-hash=-4013598654256313595 HTTP/1.1" 200 None
DEBUG:root:Executing query 'FROM @all_docs WHERE id = $p0' on index 'dynamic'
DEBUG:urllib3.connectionpool:Starting new HTTPS connection (1): a.rdbguiando.ravendb.community:443
DEBUG:urllib3.connectionpool:https://a.rdbguiando.ravendb.community:443 "GET /topology?name=automacao-faturas HTTP/1.1" 200 None
DEBUG:urllib3.connectionpool:Starting new HTTPS connection (1): a.rdbguiando.ravendb.community:443
DEBUG:urllib3.connectionpool:https://a.rdbguiando.ravendb.community:443 "POST /databases/automacao-faturas/queries?query-hash=-4013598654256313595 HTTP/1.1" 200 None
DEBUG:root:Executing query 'FROM @all_docs WHERE id = $p0' on index 'dynamic'
DEBUG:urllib3.connectionpool:Starting new HTTPS connection (1): a.rdbguiando.ravendb.community:443
DEBUG:urllib3.connectionpool:https://a.rdbguiando.ravendb.community:443 "GET /topology?name=automacao-faturas HTTP/1.1" 200 None
DEBUG:urllib3.connectionpool:Starting new HTTPS connection (1): a.rdbguiando.ravendb.community:443
DEBUG:urllib3.connectionpool:https://a.rdbguiando.ravendb.community:443 "POST /databases/automacao-faturas/queries?query-hash=-4013598654256313595 HTTP/1.1" 200 None
DEBUG:root:Executing query 'FROM @all_docs WHERE id = $p0' on index 'dynamic'
DEBUG:urllib3.connectionpool:Starting new HTTPS connection (1): a.rdbguiando.ravendb.community:443
DEBUG:urllib3.connectionpool:https://a.rdbguiando.ravendb.community:443 "GET /topology?name=automacao-faturas HTTP/1.1" 200 None
DEBUG:urllib3.connectionpool:Starting new HTTPS connection (1): a.rdbguiando.ravendb.community:443
DEBUG:urllib3.connectionpool:https://a.rdbguiando.ravendb.community:443 "POST /databases/automacao-faturas/queries?query-hash=-4013598654256313595 HTTP/1.1" 200 None
